\BOOKMARK [1][-]{section.1}{Data Understanding}{}% 1
\BOOKMARK [2][-]{subsection.1.1}{BoxPlot limit by Gemma}{section.1}% 2
\BOOKMARK [2][-]{subsection.1.2}{BoxPlot age by Gemma}{section.1}% 3
\BOOKMARK [2][-]{subsection.1.3}{BoxPlot psSep by Gemma}{section.1}% 4
\BOOKMARK [2][-]{subsection.1.4}{BoxPlot psAug by Gemma}{section.1}% 5
\BOOKMARK [2][-]{subsection.1.5}{BoxPlot psJul by Gemma}{section.1}% 6
\BOOKMARK [2][-]{subsection.1.6}{BoxPlot psJun by Gemma}{section.1}% 7
\BOOKMARK [2][-]{subsection.1.7}{BoxPlot psMay by Gemma}{section.1}% 8
\BOOKMARK [2][-]{subsection.1.8}{BoxPlot psApr by Gemma}{section.1}% 9
\BOOKMARK [2][-]{subsection.1.9}{BoxPlot baSep by Gemma}{section.1}% 10
\BOOKMARK [2][-]{subsection.1.10}{BoxPlot baAug by Gemma}{section.1}% 11
\BOOKMARK [2][-]{subsection.1.11}{BoxPlot baJul by Gemma}{section.1}% 12
\BOOKMARK [2][-]{subsection.1.12}{BoxPlot baJun by Gemma}{section.1}% 13
\BOOKMARK [2][-]{subsection.1.13}{BoxPlot baMay by Gemma}{section.1}% 14
\BOOKMARK [2][-]{subsection.1.14}{BoxPlot baApr by Gemma}{section.1}% 15
\BOOKMARK [2][-]{subsection.1.15}{BoxPlot paSep by Gemma}{section.1}% 16
\BOOKMARK [2][-]{subsection.1.16}{BoxPlot paAug by Gemma}{section.1}% 17
\BOOKMARK [2][-]{subsection.1.17}{BoxPlot paJul by Gemma}{section.1}% 18
\BOOKMARK [2][-]{subsection.1.18}{BoxPlot paJun by Gemma}{section.1}% 19
\BOOKMARK [2][-]{subsection.1.19}{BoxPlot paMay by Gemma}{section.1}% 20
\BOOKMARK [2][-]{subsection.1.20}{BoxPlot paApr by Gemma}{section.1}% 21
